Performing C SOURCE FILE Test CMAKE_HAVE_LIBC_PTHREAD failed with the following output:
Change Dir: C:/Users/miaohanqi/Documents/TensorFlow_Lite/tensorflow-2.7.4/tensorflow/lite/cmake-build-debug/CMakeFiles/CMakeScratch/TryCompile-3eynao

Run Build Command(s):C:/Program Files/JetBrains/CLion 2023.1.4/bin/ninja/win/x64/ninja.exe cmTC_9f076 && [1/2] Building C object CMakeFiles\cmTC_9f076.dir\src.c.obj
FAILED: CMakeFiles/cmTC_9f076.dir/src.c.obj 
C:\PROGRA~1\MICROS~4\2022\COMMUN~1\VC\Tools\MSVC\1437~1.328\bin\Hostx64\x64\cl.exe  /nologo -DCMAKE_HAVE_LIBC_PTHREAD  /DWIN32 /D_WINDOWS  /Zi /Ob0 /Od /RTC1 -MDd /showIncludes /FoCMakeFiles\cmTC_9f076.dir\src.c.obj /FdCMakeFiles\cmTC_9f076.dir\ /FS -c C:\Users\miaohanqi\Documents\TensorFlow_Lite\tensorflow-2.7.4\tensorflow\lite\cmake-build-debug\CMakeFiles\CMakeScratch\TryCompile-3eynao\src.c
C:\Users\miaohanqi\Documents\TensorFlow_Lite\tensorflow-2.7.4\tensorflow\lite\cmake-build-debug\CMakeFiles\CMakeScratch\TryCompile-3eynao\src.c(1): fatal error C1083: 无法打开包括文件: “pthread.h”: No such file or directory
ninja: build stopped: subcommand failed.


Source file was:
#include <pthread.h>

static void* test_func(void* data)
{
  return data;
}

int main(void)
{
  pthread_t thread;
  pthread_create(&thread, NULL, test_func, NULL);
  pthread_detach(thread);
  pthread_cancel(thread);
  pthread_join(thread, NULL);
  pthread_atfork(NULL, NULL, NULL);
  pthread_exit(NULL);

  return 0;
}


Determining if the function pthread_create exists in the pthreads failed with the following output:
Change Dir: C:/Users/miaohanqi/Documents/TensorFlow_Lite/tensorflow-2.7.4/tensorflow/lite/cmake-build-debug/CMakeFiles/CMakeScratch/TryCompile-bwl70o

Run Build Command(s):C:/Program Files/JetBrains/CLion 2023.1.4/bin/ninja/win/x64/ninja.exe cmTC_f0591 && [1/2] Building C object CMakeFiles\cmTC_f0591.dir\CheckFunctionExists.c.obj
[2/2] Linking C executable cmTC_f0591.exe
FAILED: cmTC_f0591.exe 
cmd.exe /C "cd . && "C:\Program Files\JetBrains\CLion 2023.1.4\bin\cmake\win\x64\bin\cmake.exe" -E vs_link_exe --intdir=CMakeFiles\cmTC_f0591.dir --rc=C:\PROGRA~2\WI3CF2~1\10\bin\100203~1.0\x64\rc.exe --mt=C:\PROGRA~2\WI3CF2~1\10\bin\100203~1.0\x64\mt.exe --manifests  -- C:\PROGRA~1\MICROS~4\2022\COMMUN~1\VC\Tools\MSVC\1437~1.328\bin\Hostx64\x64\link.exe /nologo CMakeFiles\cmTC_f0591.dir\CheckFunctionExists.c.obj  /out:cmTC_f0591.exe /implib:cmTC_f0591.lib /pdb:cmTC_f0591.pdb /version:0.0 /machine:x64  /debug /INCREMENTAL /subsystem:console  pthreads.lib  kernel32.lib user32.lib gdi32.lib winspool.lib shell32.lib ole32.lib oleaut32.lib uuid.lib comdlg32.lib advapi32.lib && cd ."
LINK Pass 1: command "C:\PROGRA~1\MICROS~4\2022\COMMUN~1\VC\Tools\MSVC\1437~1.328\bin\Hostx64\x64\link.exe /nologo CMakeFiles\cmTC_f0591.dir\CheckFunctionExists.c.obj /out:cmTC_f0591.exe /implib:cmTC_f0591.lib /pdb:cmTC_f0591.pdb /version:0.0 /machine:x64 /debug /INCREMENTAL /subsystem:console pthreads.lib kernel32.lib user32.lib gdi32.lib winspool.lib shell32.lib ole32.lib oleaut32.lib uuid.lib comdlg32.lib advapi32.lib /MANIFEST /MANIFESTFILE:CMakeFiles\cmTC_f0591.dir/intermediate.manifest CMakeFiles\cmTC_f0591.dir/manifest.res" failed (exit code 1104) with the following output:
LINK : fatal error LNK1104: 无法打开文件“pthreads.lib”
ninja: build stopped: subcommand failed.



Determining if the function pthread_create exists in the pthread failed with the following output:
Change Dir: C:/Users/miaohanqi/Documents/TensorFlow_Lite/tensorflow-2.7.4/tensorflow/lite/cmake-build-debug/CMakeFiles/CMakeScratch/TryCompile-ed65yz

Run Build Command(s):C:/Program Files/JetBrains/CLion 2023.1.4/bin/ninja/win/x64/ninja.exe cmTC_6356e && [1/2] Building C object CMakeFiles\cmTC_6356e.dir\CheckFunctionExists.c.obj
[2/2] Linking C executable cmTC_6356e.exe
FAILED: cmTC_6356e.exe 
cmd.exe /C "cd . && "C:\Program Files\JetBrains\CLion 2023.1.4\bin\cmake\win\x64\bin\cmake.exe" -E vs_link_exe --intdir=CMakeFiles\cmTC_6356e.dir --rc=C:\PROGRA~2\WI3CF2~1\10\bin\100203~1.0\x64\rc.exe --mt=C:\PROGRA~2\WI3CF2~1\10\bin\100203~1.0\x64\mt.exe --manifests  -- C:\PROGRA~1\MICROS~4\2022\COMMUN~1\VC\Tools\MSVC\1437~1.328\bin\Hostx64\x64\link.exe /nologo CMakeFiles\cmTC_6356e.dir\CheckFunctionExists.c.obj  /out:cmTC_6356e.exe /implib:cmTC_6356e.lib /pdb:cmTC_6356e.pdb /version:0.0 /machine:x64  /debug /INCREMENTAL /subsystem:console  pthread.lib  kernel32.lib user32.lib gdi32.lib winspool.lib shell32.lib ole32.lib oleaut32.lib uuid.lib comdlg32.lib advapi32.lib && cd ."
LINK Pass 1: command "C:\PROGRA~1\MICROS~4\2022\COMMUN~1\VC\Tools\MSVC\1437~1.328\bin\Hostx64\x64\link.exe /nologo CMakeFiles\cmTC_6356e.dir\CheckFunctionExists.c.obj /out:cmTC_6356e.exe /implib:cmTC_6356e.lib /pdb:cmTC_6356e.pdb /version:0.0 /machine:x64 /debug /INCREMENTAL /subsystem:console pthread.lib kernel32.lib user32.lib gdi32.lib winspool.lib shell32.lib ole32.lib oleaut32.lib uuid.lib comdlg32.lib advapi32.lib /MANIFEST /MANIFESTFILE:CMakeFiles\cmTC_6356e.dir/intermediate.manifest CMakeFiles\cmTC_6356e.dir/manifest.res" failed (exit code 1104) with the following output:
LINK : fatal error LNK1104: 无法打开文件“pthread.lib”
ninja: build stopped: subcommand failed.



